30-Dec-2020 16:38:18.481 INFO [main] org.apache.catalina.core.ApplicationContext.log ContextListener: contextInitialized()
30-Dec-2020 16:38:18.481 INFO [main] org.apache.catalina.core.ApplicationContext.log SessionListener: contextInitialized()
30-Dec-2020 16:38:18.482 INFO [main] org.apache.catalina.core.ApplicationContext.log ContextListener: attributeAdded('StockTicker', 'async.Stockticker@7cc9ce8')
30-Dec-2020 16:46:19.407 INFO [main] org.apache.catalina.core.ApplicationContext.log SessionListener: contextDestroyed()
30-Dec-2020 16:46:19.407 INFO [main] org.apache.catalina.core.ApplicationContext.log ContextListener: contextDestroyed()
30-Dec-2020 16:50:34.874 INFO [main] org.apache.catalina.core.ApplicationContext.log ContextListener: contextInitialized()
30-Dec-2020 16:50:34.874 INFO [main] org.apache.catalina.core.ApplicationContext.log SessionListener: contextInitialized()
30-Dec-2020 16:50:34.875 INFO [main] org.apache.catalina.core.ApplicationContext.log ContextListener: attributeAdded('StockTicker', 'async.Stockticker@5d332969')
30-Dec-2020 17:05:06.654 INFO [main] org.apache.catalina.core.ApplicationContext.log SessionListener: contextDestroyed()
30-Dec-2020 17:05:06.654 INFO [main] org.apache.catalina.core.ApplicationContext.log ContextListener: contextDestroyed()
30-Dec-2020 17:05:13.351 INFO [main] org.apache.catalina.core.ApplicationContext.log ContextListener: contextInitialized()
30-Dec-2020 17:05:13.351 INFO [main] org.apache.catalina.core.ApplicationContext.log SessionListener: contextInitialized()
30-Dec-2020 17:05:13.352 INFO [main] org.apache.catalina.core.ApplicationContext.log ContextListener: attributeAdded('StockTicker', 'async.Stockticker@7cc9ce8')
30-Dec-2020 17:06:41.265 INFO [main] org.apache.catalina.core.ApplicationContext.log SessionListener: contextDestroyed()
30-Dec-2020 17:06:41.265 INFO [main] org.apache.catalina.core.ApplicationContext.log ContextListener: contextDestroyed()
30-Dec-2020 17:18:39.948 INFO [main] org.apache.catalina.core.ApplicationContext.log ContextListener: contextInitialized()
30-Dec-2020 17:18:39.948 INFO [main] org.apache.catalina.core.ApplicationContext.log SessionListener: contextInitialized()
30-Dec-2020 17:18:39.949 INFO [main] org.apache.catalina.core.ApplicationContext.log ContextListener: attributeAdded('StockTicker', 'async.Stockticker@30457e14')
30-Dec-2020 17:29:05.642 INFO [main] org.apache.catalina.core.ApplicationContext.log SessionListener: contextDestroyed()
30-Dec-2020 17:29:05.642 INFO [main] org.apache.catalina.core.ApplicationContext.log ContextListener: contextDestroyed()
30-Dec-2020 17:29:12.027 INFO [main] org.apache.catalina.core.ApplicationContext.log ContextListener: contextInitialized()
30-Dec-2020 17:29:12.027 INFO [main] org.apache.catalina.core.ApplicationContext.log SessionListener: contextInitialized()
30-Dec-2020 17:29:12.028 INFO [main] org.apache.catalina.core.ApplicationContext.log ContextListener: attributeAdded('StockTicker', 'async.Stockticker@44ea608c')
30-Dec-2020 17:42:52.817 INFO [Catalina-utility-1] org.apache.catalina.core.ApplicationContext.log SessionListener: contextDestroyed()
30-Dec-2020 17:42:52.817 INFO [Catalina-utility-1] org.apache.catalina.core.ApplicationContext.log ContextListener: contextDestroyed()
30-Dec-2020 17:42:52.991 INFO [Catalina-utility-1] org.apache.catalina.core.ApplicationContext.log ContextListener: contextInitialized()
30-Dec-2020 17:42:52.991 INFO [Catalina-utility-1] org.apache.catalina.core.ApplicationContext.log SessionListener: contextInitialized()
30-Dec-2020 17:42:52.992 INFO [Catalina-utility-1] org.apache.catalina.core.ApplicationContext.log ContextListener: attributeAdded('StockTicker', 'async.Stockticker@297c26fa')
30-Dec-2020 17:42:53.175 INFO [main] org.apache.catalina.core.ApplicationContext.log SessionListener: contextDestroyed()
30-Dec-2020 17:42:53.175 INFO [main] org.apache.catalina.core.ApplicationContext.log ContextListener: contextDestroyed()
30-Dec-2020 17:42:57.640 INFO [main] org.apache.catalina.core.ApplicationContext.log ContextListener: contextInitialized()
30-Dec-2020 17:42:57.640 INFO [main] org.apache.catalina.core.ApplicationContext.log SessionListener: contextInitialized()
30-Dec-2020 17:42:57.641 INFO [main] org.apache.catalina.core.ApplicationContext.log ContextListener: attributeAdded('StockTicker', 'async.Stockticker@7cc9ce8')
30-Dec-2020 17:43:37.752 INFO [Catalina-utility-1] org.apache.catalina.core.ApplicationContext.log SessionListener: contextDestroyed()
30-Dec-2020 17:43:37.752 INFO [Catalina-utility-1] org.apache.catalina.core.ApplicationContext.log ContextListener: contextDestroyed()
30-Dec-2020 17:43:37.890 INFO [Catalina-utility-1] org.apache.catalina.core.ApplicationContext.log ContextListener: contextInitialized()
30-Dec-2020 17:43:37.890 INFO [Catalina-utility-1] org.apache.catalina.core.ApplicationContext.log SessionListener: contextInitialized()
30-Dec-2020 17:43:37.891 INFO [Catalina-utility-1] org.apache.catalina.core.ApplicationContext.log ContextListener: attributeAdded('StockTicker', 'async.Stockticker@3a4be0cb')
30-Dec-2020 17:43:43.182 INFO [main] org.apache.catalina.core.ApplicationContext.log SessionListener: contextDestroyed()
30-Dec-2020 17:43:43.183 INFO [main] org.apache.catalina.core.ApplicationContext.log ContextListener: contextDestroyed()
30-Dec-2020 17:43:47.650 INFO [main] org.apache.catalina.core.ApplicationContext.log ContextListener: contextInitialized()
30-Dec-2020 17:43:47.650 INFO [main] org.apache.catalina.core.ApplicationContext.log SessionListener: contextInitialized()
30-Dec-2020 17:43:47.651 INFO [main] org.apache.catalina.core.ApplicationContext.log ContextListener: attributeAdded('StockTicker', 'async.Stockticker@3b718392')
30-Dec-2020 18:05:01.485 INFO [Catalina-utility-2] org.apache.catalina.core.ApplicationContext.log SessionListener: contextDestroyed()
30-Dec-2020 18:05:01.485 INFO [Catalina-utility-2] org.apache.catalina.core.ApplicationContext.log ContextListener: contextDestroyed()
30-Dec-2020 18:05:01.615 INFO [Catalina-utility-2] org.apache.catalina.core.ApplicationContext.log ContextListener: contextInitialized()
30-Dec-2020 18:05:01.615 INFO [Catalina-utility-2] org.apache.catalina.core.ApplicationContext.log SessionListener: contextInitialized()
30-Dec-2020 18:05:01.615 INFO [Catalina-utility-2] org.apache.catalina.core.ApplicationContext.log ContextListener: attributeAdded('StockTicker', 'async.Stockticker@8dd5150')
30-Dec-2020 18:05:06.665 INFO [main] org.apache.catalina.core.ApplicationContext.log SessionListener: contextDestroyed()
30-Dec-2020 18:05:06.665 INFO [main] org.apache.catalina.core.ApplicationContext.log ContextListener: contextDestroyed()
30-Dec-2020 18:05:11.500 INFO [main] org.apache.catalina.core.ApplicationContext.log ContextListener: contextInitialized()
30-Dec-2020 18:05:11.500 INFO [main] org.apache.catalina.core.ApplicationContext.log SessionListener: contextInitialized()
30-Dec-2020 18:05:11.501 INFO [main] org.apache.catalina.core.ApplicationContext.log ContextListener: attributeAdded('StockTicker', 'async.Stockticker@7cc9ce8')
30-Dec-2020 18:13:32.042 INFO [Catalina-utility-1] org.apache.catalina.core.ApplicationContext.log SessionListener: contextDestroyed()
30-Dec-2020 18:13:32.042 INFO [Catalina-utility-1] org.apache.catalina.core.ApplicationContext.log ContextListener: contextDestroyed()
30-Dec-2020 18:13:32.216 INFO [Catalina-utility-1] org.apache.catalina.core.ApplicationContext.log ContextListener: contextInitialized()
30-Dec-2020 18:13:32.216 INFO [Catalina-utility-1] org.apache.catalina.core.ApplicationContext.log SessionListener: contextInitialized()
30-Dec-2020 18:13:32.217 INFO [Catalina-utility-1] org.apache.catalina.core.ApplicationContext.log ContextListener: attributeAdded('StockTicker', 'async.Stockticker@358e700f')
30-Dec-2020 18:13:52.317 INFO [Catalina-utility-1] org.apache.catalina.core.ApplicationContext.log SessionListener: contextDestroyed()
30-Dec-2020 18:13:52.317 INFO [Catalina-utility-1] org.apache.catalina.core.ApplicationContext.log ContextListener: contextDestroyed()
30-Dec-2020 18:13:52.483 INFO [Catalina-utility-1] org.apache.catalina.core.ApplicationContext.log ContextListener: contextInitialized()
30-Dec-2020 18:13:52.483 INFO [Catalina-utility-1] org.apache.catalina.core.ApplicationContext.log SessionListener: contextInitialized()
30-Dec-2020 18:13:52.484 INFO [Catalina-utility-1] org.apache.catalina.core.ApplicationContext.log ContextListener: attributeAdded('StockTicker', 'async.Stockticker@60ac1537')
30-Dec-2020 18:14:03.251 INFO [main] org.apache.catalina.core.ApplicationContext.log SessionListener: contextDestroyed()
30-Dec-2020 18:14:03.252 INFO [main] org.apache.catalina.core.ApplicationContext.log ContextListener: contextDestroyed()
30-Dec-2020 18:14:07.112 INFO [main] org.apache.catalina.core.ApplicationContext.log ContextListener: contextInitialized()
30-Dec-2020 18:14:07.112 INFO [main] org.apache.catalina.core.ApplicationContext.log SessionListener: contextInitialized()
30-Dec-2020 18:14:07.113 INFO [main] org.apache.catalina.core.ApplicationContext.log ContextListener: attributeAdded('StockTicker', 'async.Stockticker@7cc9ce8')
30-Dec-2020 18:15:58.069 INFO [main] org.apache.catalina.core.ApplicationContext.log SessionListener: contextDestroyed()
30-Dec-2020 18:15:58.069 INFO [main] org.apache.catalina.core.ApplicationContext.log ContextListener: contextDestroyed()
30-Dec-2020 18:16:05.046 INFO [main] org.apache.catalina.core.ApplicationContext.log ContextListener: contextInitialized()
30-Dec-2020 18:16:05.046 INFO [main] org.apache.catalina.core.ApplicationContext.log SessionListener: contextInitialized()
30-Dec-2020 18:16:05.047 INFO [main] org.apache.catalina.core.ApplicationContext.log ContextListener: attributeAdded('StockTicker', 'async.Stockticker@3b718392')
30-Dec-2020 18:16:45.132 INFO [Catalina-utility-1] org.apache.catalina.core.ApplicationContext.log SessionListener: contextDestroyed()
30-Dec-2020 18:16:45.132 INFO [Catalina-utility-1] org.apache.catalina.core.ApplicationContext.log ContextListener: contextDestroyed()
30-Dec-2020 18:16:45.300 INFO [Catalina-utility-1] org.apache.catalina.core.ApplicationContext.log ContextListener: contextInitialized()
30-Dec-2020 18:16:45.300 INFO [Catalina-utility-1] org.apache.catalina.core.ApplicationContext.log SessionListener: contextInitialized()
30-Dec-2020 18:16:45.301 INFO [Catalina-utility-1] org.apache.catalina.core.ApplicationContext.log ContextListener: attributeAdded('StockTicker', 'async.Stockticker@68ad138d')
30-Dec-2020 18:16:55.052 INFO [main] org.apache.catalina.core.ApplicationContext.log SessionListener: contextDestroyed()
30-Dec-2020 18:16:55.052 INFO [main] org.apache.catalina.core.ApplicationContext.log ContextListener: contextDestroyed()
30-Dec-2020 18:16:59.412 INFO [main] org.apache.catalina.core.ApplicationContext.log ContextListener: contextInitialized()
30-Dec-2020 18:16:59.412 INFO [main] org.apache.catalina.core.ApplicationContext.log SessionListener: contextInitialized()
30-Dec-2020 18:16:59.413 INFO [main] org.apache.catalina.core.ApplicationContext.log ContextListener: attributeAdded('StockTicker', 'async.Stockticker@39fc6b2c')
30-Dec-2020 18:29:20.869 INFO [main] org.apache.catalina.core.ApplicationContext.log SessionListener: contextDestroyed()
30-Dec-2020 18:29:20.869 INFO [main] org.apache.catalina.core.ApplicationContext.log ContextListener: contextDestroyed()
30-Dec-2020 18:29:27.126 INFO [main] org.apache.catalina.core.ApplicationContext.log ContextListener: contextInitialized()
30-Dec-2020 18:29:27.126 INFO [main] org.apache.catalina.core.ApplicationContext.log SessionListener: contextInitialized()
30-Dec-2020 18:29:27.127 INFO [main] org.apache.catalina.core.ApplicationContext.log ContextListener: attributeAdded('StockTicker', 'async.Stockticker@c0b41d6')
30-Dec-2020 18:35:05.065 INFO [main] org.apache.catalina.core.ApplicationContext.log SessionListener: contextDestroyed()
30-Dec-2020 18:35:05.065 INFO [main] org.apache.catalina.core.ApplicationContext.log ContextListener: contextDestroyed()
30-Dec-2020 18:35:12.320 INFO [main] org.apache.catalina.core.ApplicationContext.log ContextListener: contextInitialized()
30-Dec-2020 18:35:12.320 INFO [main] org.apache.catalina.core.ApplicationContext.log SessionListener: contextInitialized()
30-Dec-2020 18:35:12.321 INFO [main] org.apache.catalina.core.ApplicationContext.log ContextListener: attributeAdded('StockTicker', 'async.Stockticker@3b718392')
30-Dec-2020 18:36:11.926 INFO [main] org.apache.catalina.core.ApplicationContext.log SessionListener: contextDestroyed()
30-Dec-2020 18:36:11.927 INFO [main] org.apache.catalina.core.ApplicationContext.log ContextListener: contextDestroyed()
